<?xml version="1.0" encoding="UTF-8"?>
<!-- Generated by org.testng.reporters.JUnitReportReporter -->
<testsuite hostname="Shree" failures="0" tests="3" name="TestCases.dashboardTest" time="43.729" errors="0" timestamp="2022-08-10T22:36:39 IST" skipped="0">
  <testcase classname="TestCases.dashboardTest" name="verifyprofileoptionsTest" time="18.835"/>
  <testcase classname="TestCases.dashboardTest" name="verifydashboardkitelogoTest" time="13.109"/>
  <testcase classname="TestCases.dashboardTest" name="verifynicknametextTest" time="11.785"/>
</testsuite> <!-- TestCases.dashboardTest -->
