<?xml version="1.0" encoding="UTF-8"?>
<!-- Generated by org.testng.reporters.JUnitReportReporter -->
<testsuite hostname="Shree" failures="0" tests="6" name="TestCases.LoginPageTest" time="45.481" errors="0" timestamp="2022-08-13T23:00:17 IST" skipped="0">
  <testcase classname="TestCases.LoginPageTest" name="loginzerodhaTest" time="13.162"/>
  <testcase classname="TestCases.LoginPageTest" name="verifykitelogotest" time="4.920"/>
  <testcase classname="TestCases.LoginPageTest" name="verifylogintextTest" time="4.935"/>
  <testcase classname="TestCases.LoginPageTest" name="verifykitelogotest" time="4.428"/>
  <testcase classname="TestCases.LoginPageTest" name="verifykitelogotest" time="4.700"/>
  <testcase classname="TestCases.LoginPageTest" name="verifysharebyoption" time="13.336"/>
</testsuite> <!-- TestCases.LoginPageTest -->
